<?xml version="1.0" encoding="UTF-8"?>
<!-- Generated by org.testng.reporters.JUnitReportReporter -->
<testsuite hostname="DESKTOP-RF3HKHR" failures="0" tests="1" name="com.assignment.test.Loginpagetest" time="9.646" errors="0" timestamp="2023-05-28T10:37:46 IST" skipped="0">
  <testcase classname="com.assignment.test.Loginpagetest" name="logintest" time="9.646"/>
  <system-out/>
</testsuite> <!-- com.assignment.test.Loginpagetest -->
