<?xml version="1.0" encoding="UTF-8"?>
<!-- Generated by org.testng.reporters.JUnitReportReporter -->
<testsuite hostname="DESKTOP-RF3HKHR" failures="0" tests="3" name="SeleniumApplication.XMLParametres" time="7.629" errors="0" timestamp="2023-05-17T18:51:01 IST" skipped="0">
  <testcase classname="SeleniumApplication.XMLParametres" name="xml" time="2.273"/>
  <system-out/>
  <testcase classname="SeleniumApplication.XMLParametres" name="xml" time="3.316"/>
  <system-out/>
  <testcase classname="SeleniumApplication.XMLParametres" name="xml" time="2.040"/>
  <system-out/>
</testsuite> <!-- SeleniumApplication.XMLParametres -->
