<?xml version="1.0" encoding="UTF-8"?>
<!-- Generated by org.testng.reporters.JUnitReportReporter -->
<testsuite hostname="DESKTOP-RF3HKHR" failures="0" tests="1" name="com.assignment.test.assignment4_1" time="7.896" errors="0" timestamp="2023-06-06T18:53:17 IST" skipped="0">
  <testcase classname="com.assignment.test.assignment4_1" name="logintest" time="7.896"/>
  <system-out/>
</testsuite> <!-- com.assignment.test.assignment4_1 -->
