<?xml version="1.0" encoding="UTF-8"?>
<!-- Generated by org.testng.reporters.JUnitReportReporter -->
<testsuite hostname="DESKTOP-RF3HKHR" failures="0" tests="1" name="TestNGBasics.AnnotationsDemo" time="0.015" errors="0" timestamp="2023-05-12T12:36:41 IST" skipped="0">
  <testcase classname="TestNGBasics.AnnotationsDemo" name="validatetitle" time="0.015"/>
  <system-out/>
</testsuite> <!-- TestNGBasics.AnnotationsDemo -->
