<?xml version="1.0" encoding="UTF-8"?>
<!-- Generated by org.testng.reporters.JUnitReportReporter -->
<testsuite hostname="DESKTOP-RF3HKHR" failures="0" tests="3" name="TestNGBasics.DataproviderDemo" time="6.943" errors="0" timestamp="2023-05-26T13:35:52 IST" skipped="0">
  <testcase classname="TestNGBasics.DataproviderDemo" name="fblogin" time="1.888"/>
  <system-out/>
  <testcase classname="TestNGBasics.DataproviderDemo" name="fblogin" time="1.963"/>
  <system-out/>
  <testcase classname="TestNGBasics.DataproviderDemo" name="fblogin" time="3.092"/>
  <system-out/>
</testsuite> <!-- TestNGBasics.DataproviderDemo -->
