<?xml version="1.0" encoding="UTF-8"?>
<!-- Generated by org.testng.reporters.JUnitReportReporter -->
<testsuite hostname="DESKTOP-RF3HKHR" failures="0" tests="2" name="TestNGBasics.PriorityDemo" time="0.030" errors="0" timestamp="2023-05-12T12:55:16 IST" skipped="0">
  <testcase classname="TestNGBasics.PriorityDemo" name="zebra" time="0.026"/>
  <system-out/>
  <testcase classname="TestNGBasics.PriorityDemo" name="apple" time="0.004"/>
  <system-out/>
</testsuite> <!-- TestNGBasics.PriorityDemo -->
