<?xml version="1.0" encoding="UTF-8"?>
<!-- Generated by org.testng.reporters.JUnitReportReporter -->
<testsuite hostname="DESKTOP-RF3HKHR" failures="0" tests="1" name="com.assignment.test.Logintestbydata" time="7.369" errors="0" timestamp="2023-05-28T10:40:14 IST" skipped="0">
  <testcase classname="com.assignment.test.Logintestbydata" name="logintest" time="7.369"/>
  <system-out/>
</testsuite> <!-- com.assignment.test.Logintestbydata -->
