<?xml version="1.0" encoding="UTF-8"?>
<!-- Generated by org.testng.reporters.JUnitReportReporter -->
<testsuite hostname="DESKTOP-RF3HKHR" failures="0" tests="1" name="com.assignment.test.Logintestbydata" time="15.450" errors="0" timestamp="2023-06-04T14:51:03 IST" skipped="0">
  <testcase classname="com.assignment.test.Logintestbydata" name="logintest" time="15.450"/>
  <system-out/>
</testsuite> <!-- com.assignment.test.Logintestbydata -->
