<?xml version="1.0" encoding="UTF-8"?>
<!-- Generated by org.testng.reporters.JUnitReportReporter -->
<testsuite hostname="DESKTOP-RF3HKHR" failures="0" tests="3" name="TestNGBasics.GroupsDemo" time="0.010" errors="0" timestamp="2023-06-03T16:13:12 IST" skipped="0">
  <testcase classname="TestNGBasics.GroupsDemo" name="mobile1" time="0.000"/>
  <system-out/>
  <testcase classname="TestNGBasics.GroupsDemo" name="mobile" time="0.001"/>
  <system-out/>
  <testcase classname="TestNGBasics.GroupsDemo" name="laptop" time="0.009"/>
  <system-out/>
</testsuite> <!-- TestNGBasics.GroupsDemo -->
