<?xml version="1.0" encoding="UTF-8"?>
<!-- Generated by org.testng.reporters.JUnitReportReporter -->
<testsuite hostname="DESKTOP-RF3HKHR" failures="0" tests="4" name="TestNGBasics.DependsOnDemo" time="0.015" errors="0" timestamp="2023-05-16T17:52:16 IST" skipped="0">
  <testcase classname="TestNGBasics.DependsOnDemo" name="login" time="0.002"/>
  <system-out/>
  <testcase classname="TestNGBasics.DependsOnDemo" name="acceptfriendreq" time="0.001"/>
  <system-out/>
  <testcase classname="TestNGBasics.DependsOnDemo" name="forgotpassword" time="0.011"/>
  <system-out/>
  <testcase classname="TestNGBasics.DependsOnDemo" name="sendfriendreq" time="0.001"/>
  <system-out/>
</testsuite> <!-- TestNGBasics.DependsOnDemo -->
