<?xml version="1.0" encoding="UTF-8"?>
<!-- Generated by org.testng.reporters.JUnitReportReporter -->
<testsuite hostname="DESKTOP-RF3HKHR" failures="0" tests="1" name="com.Webmath.TestCase.WebMathTestCase" time="7.764" errors="0" timestamp="2023-06-28T12:39:34 IST" skipped="0">
  <testcase classname="com.Webmath.TestCase.WebMathTestCase" name="logintest" time="7.764"/>
  <system-out/>
</testsuite> <!-- com.Webmath.TestCase.WebMathTestCase -->
