<?xml version="1.0" encoding="UTF-8"?>
<!-- Generated by org.testng.reporters.JUnitReportReporter -->
<testsuite hostname="DESKTOP-RF3HKHR" failures="0" tests="1" name="com.assignment.test.FormFillAssignment" time="14.771" errors="0" timestamp="2023-05-28T10:44:53 IST" skipped="0">
  <testcase classname="com.assignment.test.FormFillAssignment" name="logintest" time="14.771"/>
  <system-out/>
</testsuite> <!-- com.assignment.test.FormFillAssignment -->
